❯ ./SWMH_cws_confirm zipf_database.txt 100 Minhash_cws.txt 100 2
近似jaccard係数: 0.65
厳密なjaccard係数: 0.6

Minlist on  master [$!?] via C v9.4.0-gcc
❯ ./gminhash3 1000 100 100 1

Minlist on  master [$!?] via C v9.4.0-gcc
❯ wc Minhash_cws.txt
  1000   1000 580000 Minhash_cws.txt

Minlist on  master [$!?] via C v9.4.0-gcc
❯ ./SWMH_cws_confirm zipf_database.txt 100 Minhash_cws.txt 100 2
近似jaccard係数: 0.609
厳密なjaccard係数: 0.6

ハッシュ関数1000

in_t1 = {1, 1, 2, 2, 2};
in_t2 = {1, 1, 2, 3, 4};

❯ ./SWMH_cws_confirm zipf_database.txt 100 Minhash_cws.txt 100 2
近似jaccard係数: 0.363
厳密なjaccard係数: 0.428571

in_t1 = {1, 1, 2, 2, 2, 2};
in_t2 = {1, 1, 2, 2, 3, 4};

❯ ./SWMH_cws_confirm zipf_database.txt 100 Minhash_cws.txt 100 2
近似jaccard係数: 0.384
厳密なjaccard係数: 0.5

in_t1 = {1, 1, 2, 2, 2, 2, 2};
in_t2 = {1, 1, 2, 2, 2, 3, 4};

❯ ./SWMH_cws_confirm zipf_database.txt 100 Minhash_cws.txt 100 2
近似jaccard係数: 0.499
厳密なjaccard係数: 0.555556

  in_t1 = {1, 2, 3, 4, 5};
  in_t2 = {2, 3, 4, 5, 6};

❯ ./SWMH_cws_confirm zipf_database.txt 100 Minhash_cws.txt 100 2
ハッシュ関数の数: 1000
近似jaccard係数: 0.675
厳密なjaccard係数: 0.666667

in_t1 = {1, 2, 3, 4, 5, 6, 10, 11, 12};
in_t2 = {2, 3, 4, 5, 6, 7, 20, 21, 22};

❯ ./SWMH_cws_confirm zipf_database.txt 100 Minhash_cws.txt 100 2
ハッシュ関数の数: 1000
近似jaccard係数: 0.39
厳密なjaccard係数: 0.384615

